TN:
SF:src/index.js
FN:18,(anonymous_0)
FN:24,(anonymous_1)
FN:54,(anonymous_2)
FNF:3
FNH:0
FNDA:0,(anonymous_0)
FNDA:0,(anonymous_1)
FNDA:0,(anonymous_2)
DA:1,2
DA:3,2
DA:4,2
DA:5,2
DA:7,2
DA:8,2
DA:9,2
DA:11,2
DA:12,2
DA:15,2
DA:18,2
DA:24,2
DA:26,0
DA:27,0
DA:30,0
DA:32,0
DA:33,0
DA:35,0
DA:39,2
DA:53,2
DA:54,0
DA:55,0
DA:60,2
LF:23
LH:15
BRDA:26,0,0,0
BRDA:26,0,1,0
BRDA:26,0,2,0
BRDA:30,1,0,0
BRDA:30,1,1,0
BRDA:33,2,0,0
BRDA:33,2,1,0
BRDA:33,3,0,0
BRDA:33,3,1,0
BRDA:53,4,0,0
BRDA:53,4,1,2
BRF:11
BRH:1
end_of_record
TN:
SF:src/resolvers.js
FN:5,(anonymous_0)
FN:27,(anonymous_1)
FN:29,(anonymous_2)
FN:33,(anonymous_3)
FN:45,(anonymous_4)
FN:50,(anonymous_5)
FN:66,(anonymous_6)
FN:75,(anonymous_7)
FN:80,(anonymous_8)
FN:87,(anonymous_9)
FNF:10
FNH:9
FNDA:4,(anonymous_0)
FNDA:1,(anonymous_1)
FNDA:2,(anonymous_2)
FNDA:2,(anonymous_3)
FNDA:1,(anonymous_4)
FNDA:2,(anonymous_5)
FNDA:2,(anonymous_6)
FNDA:0,(anonymous_7)
FNDA:3,(anonymous_8)
FNDA:2,(anonymous_9)
DA:1,6
DA:3,6
DA:6,4
DA:8,4
DA:10,4
DA:16,4
DA:28,1
DA:30,2
DA:34,2
DA:35,2
DA:39,2
DA:45,1
DA:51,2
DA:53,2
DA:54,1
DA:59,1
DA:60,1
DA:67,2
DA:68,2
DA:69,1
DA:70,1
DA:76,0
DA:81,3
DA:89,2
DA:91,2
DA:94,1
LF:26
LH:25
BRDA:5,0,0,2
BRDA:18,1,0,4
BRDA:18,1,1,0
BRDA:21,2,0,4
BRDA:21,2,1,0
BRDA:40,3,0,2
BRDA:40,3,1,2
BRDA:42,4,0,1
BRDA:42,4,1,1
BRDA:53,5,0,1
BRDA:53,5,1,1
BRDA:68,6,0,1
BRDA:68,6,1,1
BRDA:80,7,0,1
BRDA:81,8,0,1
BRDA:81,8,1,2
BRDA:91,9,0,1
BRDA:91,9,1,1
BRDA:95,10,0,1
BRDA:95,10,1,0
BRF:20
BRH:17
end_of_record
TN:
SF:src/schema.js
FNF:0
FNH:0
DA:1,2
DA:3,2
DA:79,2
LF:3
LH:3
BRF:0
BRH:0
end_of_record
TN:
SF:src/utils.js
FN:3,(anonymous_0)
FN:8,(anonymous_1)
FN:13,(anonymous_2)
FN:31,(anonymous_3)
FNF:4
FNH:3
FNDA:4,(anonymous_0)
FNDA:0,(anonymous_1)
FNDA:2,(anonymous_2)
FNDA:2,(anonymous_3)
DA:1,6
DA:3,6
DA:8,0
DA:10,4
DA:12,4
DA:13,2
DA:15,2
DA:18,2
DA:21,2
DA:31,6
DA:32,2
DA:37,2
DA:45,2
DA:52,2
LF:14
LH:13
BRDA:5,0,0,0
BRDA:8,1,0,4
BRDA:10,2,0,0
BRDA:10,2,1,4
BRDA:12,3,0,2
BRDA:12,3,1,2
BRDA:15,4,0,2
BRDA:15,4,1,0
BRDA:18,5,0,2
BRDA:18,5,1,0
BRDA:21,6,0,2
BRDA:21,6,1,0
BRDA:22,7,0,0
BRDA:22,7,1,2
BRF:14
BRH:8
end_of_record
TN:
SF:src/__tests__/__utils.js
FN:21,(anonymous_0)
FN:28,(anonymous_1)
FN:41,(anonymous_2)
FN:54,(anonymous_3)
FN:59,(anonymous_4)
FNF:5
FNH:2
FNDA:4,(anonymous_0)
FNDA:0,(anonymous_1)
FNDA:1,(anonymous_2)
FNDA:0,(anonymous_3)
FNDA:0,(anonymous_4)
DA:1,2
DA:2,2
DA:3,2
DA:5,2
DA:16,2
DA:21,2
DA:22,4
DA:23,4
DA:25,4
DA:28,0
DA:32,4
DA:35,2
DA:41,2
DA:47,1
DA:49,0
DA:54,0
DA:55,0
DA:57,0
DA:59,0
DA:64,2
LF:20
LH:14
BRDA:21,0,0,0
BRDA:21,1,0,0
BRDA:54,2,0,0
BRF:3
BRH:0
end_of_record
TN:
SF:src/datasources/launch.js
FN:4,(anonymous_0)
FN:10,(anonymous_1)
FN:28,(anonymous_2)
FN:33,(anonymous_3)
FN:36,(anonymous_4)
FN:41,(anonymous_5)
FN:43,(anonymous_6)
FNF:7
FNH:7
FNDA:6,(anonymous_0)
FNDA:6,(anonymous_1)
FNDA:2,(anonymous_2)
FNDA:2,(anonymous_3)
FNDA:2,(anonymous_4)
FNDA:2,(anonymous_5)
FNDA:4,(anonymous_6)
DA:1,3
DA:5,6
DA:6,6
DA:11,6
DA:29,2
DA:32,2
DA:33,2
DA:37,2
DA:38,2
DA:42,2
DA:43,4
DA:48,3
LF:12
LH:12
BRDA:12,0,0,6
BRDA:12,0,1,0
BRDA:14,1,0,6
BRDA:14,1,1,6
BRDA:32,2,0,2
BRDA:32,2,1,0
BRF:6
BRH:4
end_of_record
TN:
SF:src/datasources/user.js
FN:8,(anonymous_0)
FN:19,(anonymous_1)
FN:28,(anonymous_2)
FN:37,(anonymous_3)
FN:53,(anonymous_4)
FN:61,(anonymous_5)
FN:66,(anonymous_6)
FN:72,(anonymous_7)
FN:72,(anonymous_8)
FN:76,(anonymous_9)
FN:89,(anonymous_10)
FNF:11
FNH:9
FNDA:6,(anonymous_0)
FNDA:2,(anonymous_1)
FNDA:6,(anonymous_2)
FNDA:2,(anonymous_3)
FNDA:6,(anonymous_4)
FNDA:2,(anonymous_5)
FNDA:4,(anonymous_6)
FNDA:4,(anonymous_7)
FNDA:4,(anonymous_8)
FNDA:0,(anonymous_9)
FNDA:0,(anonymous_10)
DA:1,3
DA:2,3
DA:3,3
DA:4,3
DA:5,3
DA:9,6
DA:10,6
DA:20,2
DA:30,6
DA:31,6
DA:33,6
DA:34,6
DA:38,2
DA:39,2
DA:41,2
DA:45,2
DA:46,4
DA:47,4
DA:50,2
DA:54,6
DA:55,6
DA:58,6
DA:62,2
DA:63,2
DA:67,4
DA:68,4
DA:71,4
DA:72,4
DA:77,0
DA:78,0
DA:79,0
DA:82,0
DA:90,0
DA:91,0
DA:94,0
DA:100,0
DA:101,0
DA:104,0
DA:105,0
DA:116,0
DA:122,3
LF:41
LH:29
BRDA:28,0,0,0
BRDA:30,1,0,6
BRDA:30,1,1,0
BRDA:30,2,0,6
BRDA:30,2,1,6
BRDA:31,3,0,0
BRDA:31,3,1,6
BRDA:31,4,0,6
BRDA:31,4,1,6
BRDA:34,5,0,2
BRDA:34,5,1,4
BRDA:34,6,0,6
BRDA:34,6,1,2
BRDA:39,7,0,0
BRDA:39,7,1,2
BRDA:47,8,0,4
BRDA:47,8,1,0
BRDA:58,9,0,6
BRDA:58,9,1,0
BRDA:58,10,0,6
BRDA:58,10,1,6
BRDA:71,11,0,2
BRDA:71,11,1,2
BRDA:71,12,0,4
BRDA:71,12,1,2
BRDA:77,13,0,0
BRDA:77,13,1,0
BRDA:77,14,0,0
BRDA:77,14,1,0
BRDA:82,15,0,0
BRDA:82,15,1,0
BRDA:91,16,0,0
BRDA:91,16,1,0
BRF:33
BRH:19
end_of_record
